# JRE version: OpenJDK Runtime Environment (17.0.7) (build 17.0.7+0-b2043.56-10550314)
# Java VM: OpenJDK 64-Bit Server VM (17.0.7+0-b2043.56-10550314, mixed mode, tiered, compressed oops, compressed class ptrs, g1 gc, windows-amd64)
GC Precious Log:
 CPUs: 8 total, 8 available
 Memory: 7930M
 Large Page Support: Disabled
 NUMA Support: Disabled
 Compressed Oops: Enabled (32-bit)
 Heap Region Size: 1M
 Heap Min Capacity: 8M
 Heap Initial Capacity: 124M
 Heap Max Capacity: 2G
 Pre-touch: Disabled
 Parallel Workers: 8
 Concurrent Workers: 2
 Concurrent Refinement Workers: 8
 Periodic GC: Disabled
Heap:
 garbage-first heap   total 349184K, used 292699K [0x0000000080000000, 0x0000000100000000)
  region size 1024K, 6 young (6144K), 3 survivors (3072K)
 Metaspace       used 160037K, committed 161216K, reserved 1245184K
  class space    used 21658K, committed 22208K, reserved 1048576K
GC Heap History (20 events):
Event: 143.848 GC heap before
{Heap before GC invocations=66 (full 0):
 garbage-first heap   total 349184K, used 288982K [0x0000000080000000, 0x0000000100000000)
  region size 1024K, 91 young (93184K), 4 survivors (4096K)
 Metaspace       used 131720K, committed 132608K, reserved 1179648K
  class space    used 17233K, committed 17664K, reserved 1048576K
}
Event: 143.873 GC heap after
{Heap after GC invocations=67 (full 0):
 garbage-first heap   total 349184K, used 210535K [0x0000000080000000, 0x0000000100000000)
  region size 1024K, 12 young (12288K), 12 survivors (12288K)
 Metaspace       used 131720K, committed 132608K, reserved 1179648K
  class space    used 17233K, committed 17664K, reserved 1048576K
}
Event: 145.992 GC heap before
{Heap before GC invocations=67 (full 0):
 garbage-first heap   total 349184K, used 291431K [0x0000000080000000, 0x0000000100000000)
  region size 1024K, 90 young (92160K), 12 survivors (12288K)
 Metaspace       used 139278K, committed 140224K, reserved 1179648K
  class space    used 18215K, committed 18688K, reserved 1048576K
}
Event: 146.038 GC heap after
{Heap after GC invocations=68 (full 0):
 garbage-first heap   total 349184K, used 226985K [0x0000000080000000, 0x0000000100000000)
  region size 1024K, 12 young (12288K), 12 survivors (12288K)
 Metaspace       used 139278K, committed 140224K, reserved 1179648K
  class space    used 18215K, committed 18688K, reserved 1048576K
}
Event: 147.177 GC heap before
{Heap before GC invocations=68 (full 0):
 garbage-first heap   total 349184K, used 288425K [0x0000000080000000, 0x0000000100000000)
  region size 1024K, 71 young (72704K), 12 survivors (12288K)
 Metaspace       used 142236K, committed 143232K, reserved 1179648K
  class space    used 18634K, committed 19136K, reserved 1048576K
}
Event: 147.193 GC heap after
{Heap after GC invocations=69 (full 0):
 garbage-first heap   total 349184K, used 228228K [0x0000000080000000, 0x0000000100000000)
  region size 1024K, 5 young (5120K), 5 survivors (5120K)
 Metaspace       used 142236K, committed 143232K, reserved 1179648K
  class space    used 18634K, committed 19136K, reserved 1048576K
}
Event: 147.953 GC heap before
{Heap before GC invocations=69 (full 0):
 garbage-first heap   total 349184K, used 288644K [0x0000000080000000, 0x0000000100000000)
  region size 1024K, 65 young (66560K), 5 survivors (5120K)
 Metaspace       used 148355K, committed 149312K, reserved 1179648K
  class space    used 19559K, committed 20032K, reserved 1048576K
}
Event: 147.966 GC heap after
{Heap after GC invocations=70 (full 0):
 garbage-first heap   total 349184K, used 235520K [0x0000000080000000, 0x0000000100000000)
  region size 1024K, 9 young (9216K), 9 survivors (9216K)
 Metaspace       used 148355K, committed 149312K, reserved 1179648K
  class space    used 19559K, committed 20032K, reserved 1048576K
}
Event: 148.538 GC heap before
{Heap before GC invocations=70 (full 0):
 garbage-first heap   total 349184K, used 289792K [0x0000000080000000, 0x0000000100000000)
  region size 1024K, 63 young (64512K), 9 survivors (9216K)
 Metaspace       used 154049K, committed 155008K, reserved 1245184K
  class space    used 20654K, committed 21120K, reserved 1048576K
}
Event: 148.557 GC heap after
{Heap after GC invocations=71 (full 0):
 garbage-first heap   total 349184K, used 239530K [0x0000000080000000, 0x0000000100000000)
  region size 1024K, 4 young (4096K), 4 survivors (4096K)
 Metaspace       used 154049K, committed 155008K, reserved 1245184K
  class space    used 20654K, committed 21120K, reserved 1048576K
}
Event: 149.119 GC heap before
{Heap before GC invocations=71 (full 0):
 garbage-first heap   total 349184K, used 292778K [0x0000000080000000, 0x0000000100000000)
  region size 1024K, 56 young (57344K), 4 survivors (4096K)
 Metaspace       used 156729K, committed 157760K, reserved 1245184K
  class space    used 21077K, committed 21568K, reserved 1048576K
}
Event: 149.128 GC heap after
{Heap after GC invocations=72 (full 0):
 garbage-first heap   total 349184K, used 240344K [0x0000000080000000, 0x0000000100000000)
  region size 1024K, 4 young (4096K), 4 survivors (4096K)
 Metaspace       used 156729K, committed 157760K, reserved 1245184K
  class space    used 21077K, committed 21568K, reserved 1048576K
}
Event: 150.040 GC heap before
{Heap before GC invocations=72 (full 0):
 garbage-first heap   total 349184K, used 297688K [0x0000000080000000, 0x0000000100000000)
  region size 1024K, 58 young (59392K), 4 survivors (4096K)
 Metaspace       used 159291K, committed 160320K, reserved 1245184K
  class space    used 21547K, committed 22016K, reserved 1048576K
}
Event: 150.046 GC heap after
{Heap after GC invocations=73 (full 0):
 garbage-first heap   total 349184K, used 238996K [0x0000000080000000, 0x0000000100000000)
  region size 1024K, 4 young (4096K), 4 survivors (4096K)
 Metaspace       used 159291K, committed 160320K, reserved 1245184K
  class space    used 21547K, committed 22016K, reserved 1048576K
}
Event: 150.332 GC heap before
{Heap before GC invocations=73 (full 0):
 garbage-first heap   total 349184K, used 267668K [0x0000000080000000, 0x0000000100000000)
  region size 1024K, 12 young (12288K), 4 survivors (4096K)
 Metaspace       used 159917K, committed 160896K, reserved 1245184K
  class space    used 21646K, committed 22144K, reserved 1048576K
}
Event: 150.341 GC heap after
{Heap after GC invocations=74 (full 0):
 garbage-first heap   total 349184K, used 257839K [0x0000000080000000, 0x0000000100000000)
  region size 1024K, 4 young (4096K), 4 survivors (4096K)
 Metaspace       used 159917K, committed 160896K, reserved 1245184K
  class space    used 21646K, committed 22144K, reserved 1048576K
}
Event: 150.355 GC heap before
{Heap before GC invocations=74 (full 0):
 garbage-first heap   total 349184K, used 272175K [0x0000000080000000, 0x0000000100000000)
  region size 1024K, 5 young (5120K), 4 survivors (4096K)
 Metaspace       used 159917K, committed 160896K, reserved 1245184K
  class space    used 21646K, committed 22144K, reserved 1048576K
}
Event: 150.365 GC heap after
{Heap after GC invocations=75 (full 0):
 garbage-first heap   total 349184K, used 263991K [0x0000000080000000, 0x0000000100000000)
  region size 1024K, 3 young (3072K), 3 survivors (3072K)
 Metaspace       used 159917K, committed 160896K, reserved 1245184K
  class space    used 21646K, committed 22144K, reserved 1048576K
}
Event: 150.368 GC heap before
{Heap before GC invocations=75 (full 0):
 garbage-first heap   total 349184K, used 268087K [0x0000000080000000, 0x0000000100000000)
  region size 1024K, 4 young (4096K), 3 survivors (3072K)
 Metaspace       used 159917K, committed 160896K, reserved 1245184K
  class space    used 21646K, committed 22144K, reserved 1048576K
}
Event: 150.372 GC heap after
{Heap after GC invocations=76 (full 0):
 garbage-first heap   total 349184K, used 266075K [0x0000000080000000, 0x0000000100000000)
  region size 1024K, 3 young (3072K), 3 survivors (3072K)
 Metaspace       used 159917K, committed 160896K, reserved 1245184K
  class space    used 21646K, committed 22144K, reserved 1048576K
}

